  Engine.cpp
C:\Users\karol\source\repos\Game_Engine_2D\Game Engine 2D\Engine.cpp(7,58): warning C4244: 'argument': conversion from 'float' to 'int', possible loss of data
C:\Users\karol\source\repos\Game_Engine_2D\Game Engine 2D\Engine.cpp(13,47): warning C4244: 'argument': conversion from 'float' to 'int', possible loss of data
C:\Users\karol\source\repos\Game_Engine_2D\Game Engine 2D\Engine.cpp(19,51): warning C4244: 'argument': conversion from 'float' to 'int', possible loss of data
C:\Users\karol\source\repos\Game_Engine_2D\Game Engine 2D\Engine.cpp(25,50): warning C4244: 'argument': conversion from 'float' to 'int', possible loss of data
C:\Users\karol\source\repos\Game_Engine_2D\Game Engine 2D\Engine.cpp(102,14): warning C4244: 'initializing': conversion from 'double' to 'int', possible loss of data
C:\Users\karol\source\repos\Game_Engine_2D\Game Engine 2D\Engine.cpp(241,14): warning C4244: 'initializing': conversion from 'double' to 'int', possible loss of data
C:\Users\karol\source\repos\Game_Engine_2D\Game Engine 2D\Engine.cpp(275,56): warning C4305: 'argument': truncation from 'double' to 'float'
C:\Users\karol\source\repos\Game_Engine_2D\Game Engine 2D\Engine.cpp(279,57): warning C4305: 'argument': truncation from 'double' to 'float'
C:\Users\karol\source\repos\Game_Engine_2D\Game Engine 2D\Engine.cpp(302,66): warning C4244: 'argument': conversion from 'int' to 'T', possible loss of data
          with
          [
              T=float
          ]
C:\Users\karol\source\repos\Game_Engine_2D\Game Engine 2D\Engine.cpp(302,59): warning C4244: 'argument': conversion from 'int' to 'T', possible loss of data
          with
          [
              T=float
          ]
  Game Engine 2D.vcxproj -> C:\Users\karol\source\repos\Game_Engine_2D\x64\Debug\Game Engine 2D.exe
